[tools.bigtimeportal.com/index.html]
[backblue.gif]
[fade.gif]
[index.html]
[cdn.datatables.net/1.13.6/css/jquery.dataTables.min.css]
[unpkg.com/flowbite@latest/dist/flowbite.min.1.delayed]
[unpkg.com/flowbite@2.0.0/dist/flowbite.min.css]
[code.jquery.com/jquery-3.7.0.js]
[cdn.datatables.net/1.13.6/js/jquery.dataTables.min.js]
[cdn.datatables.net/scroller/2.0.5/js/dataTables.scroller.min.js]
[tools.bigtimeportal.com/static/Hourglass_Common.png]
[tools.bigtimeportal.com/static/Hourglass_Uncommon.png]
[tools.bigtimeportal.com/static/Hourglass_Rare.png]
[tools.bigtimeportal.com/static/Hourglass_Epic.png]
[tools.bigtimeportal.com/static/Hourglass_Legendary.png]
[tools.bigtimeportal.com/index.html]
[cdn.datatables.net/1.13.6/css/jquery.dataTables.min.css]
[cdnjs.cloudflare.com/ajax/libs/socket.io/4.0.1/socket.io.min.js]
[flowbite.s3.amazonaws.com/docs/jumbotron/conference.jpg]
[unpkg.com/flowbite@2.0.0/dist/flowbite.min.css]
